[1.125s] Invoking command in '/home/vsaini/bin_picking_ws/src/door_node': PYTHONPATH=/home/vsaini/bin_picking_ws/build/door_node/prefix_override:/usr/lib/python3/dist-packages/colcon_core/task/python/colcon_distutils_commands:/home/vsaini/bin_picking_ws/install/door_node/lib/python3.10/site-packages:${PYTHONPATH} /usr/bin/python3 -W ignore:setup.py install is deprecated -W ignore:easy_install command is deprecated setup.py egg_info --egg-base ../../build/door_node build --build-base /home/vsaini/bin_picking_ws/build/door_node/build install --record /home/vsaini/bin_picking_ws/build/door_node/install.log --single-version-externally-managed install_data
[1.277s] running egg_info
[1.286s] creating ../../build/door_node/door_node.egg-info
[1.286s] writing ../../build/door_node/door_node.egg-info/PKG-INFO
[1.286s] writing dependency_links to ../../build/door_node/door_node.egg-info/dependency_links.txt
[1.286s] writing entry points to ../../build/door_node/door_node.egg-info/entry_points.txt
[1.286s] writing requirements to ../../build/door_node/door_node.egg-info/requires.txt
[1.287s] writing top-level names to ../../build/door_node/door_node.egg-info/top_level.txt
[1.341s] writing manifest file '../../build/door_node/door_node.egg-info/SOURCES.txt'
[1.359s] reading manifest file '../../build/door_node/door_node.egg-info/SOURCES.txt'
[1.359s] writing manifest file '../../build/door_node/door_node.egg-info/SOURCES.txt'
[1.360s] running build
[1.360s] running build_py
[1.360s] creating /home/vsaini/bin_picking_ws/build/door_node/build/lib/door_node
[1.360s] copying door_node/door_node.py -> /home/vsaini/bin_picking_ws/build/door_node/build/lib/door_node
[1.360s] copying door_node/__init__.py -> /home/vsaini/bin_picking_ws/build/door_node/build/lib/door_node
[1.360s] running install
[1.363s] running install_lib
[1.371s] creating /home/vsaini/bin_picking_ws/install/door_node/lib/python3.10/site-packages/door_node
[1.372s] copying /home/vsaini/bin_picking_ws/build/door_node/build/lib/door_node/door_node.py -> /home/vsaini/bin_picking_ws/install/door_node/lib/python3.10/site-packages/door_node
[1.372s] copying /home/vsaini/bin_picking_ws/build/door_node/build/lib/door_node/__init__.py -> /home/vsaini/bin_picking_ws/install/door_node/lib/python3.10/site-packages/door_node
[1.372s] byte-compiling /home/vsaini/bin_picking_ws/install/door_node/lib/python3.10/site-packages/door_node/door_node.py to door_node.cpython-310.pyc
[1.372s] byte-compiling /home/vsaini/bin_picking_ws/install/door_node/lib/python3.10/site-packages/door_node/__init__.py to __init__.cpython-310.pyc
[1.372s] running install_data
[1.372s] copying package.xml -> /home/vsaini/bin_picking_ws/install/door_node/share/door_node
[1.373s] creating /home/vsaini/bin_picking_ws/install/door_node/share/door_node/resource
[1.373s] copying resource/door_node -> /home/vsaini/bin_picking_ws/install/door_node/share/door_node/resource
[1.373s] running install_egg_info
[1.382s] Copying ../../build/door_node/door_node.egg-info to /home/vsaini/bin_picking_ws/install/door_node/lib/python3.10/site-packages/door_node-0.0.0-py3.10.egg-info
[1.382s] running install_scripts
[1.406s] Installing door_node script to /home/vsaini/bin_picking_ws/install/door_node/lib/door_node
[1.406s] writing list of installed files to '/home/vsaini/bin_picking_ws/build/door_node/install.log'
[1.426s] Invoked command in '/home/vsaini/bin_picking_ws/src/door_node' returned '0': PYTHONPATH=/home/vsaini/bin_picking_ws/build/door_node/prefix_override:/usr/lib/python3/dist-packages/colcon_core/task/python/colcon_distutils_commands:/home/vsaini/bin_picking_ws/install/door_node/lib/python3.10/site-packages:${PYTHONPATH} /usr/bin/python3 -W ignore:setup.py install is deprecated -W ignore:easy_install command is deprecated setup.py egg_info --egg-base ../../build/door_node build --build-base /home/vsaini/bin_picking_ws/build/door_node/build install --record /home/vsaini/bin_picking_ws/build/door_node/install.log --single-version-externally-managed install_data
