running egg_info
creating ../../build/stack_light_node/stack_light_node.egg-info
writing ../../build/stack_light_node/stack_light_node.egg-info/PKG-INFO
writing dependency_links to ../../build/stack_light_node/stack_light_node.egg-info/dependency_links.txt
writing entry points to ../../build/stack_light_node/stack_light_node.egg-info/entry_points.txt
writing requirements to ../../build/stack_light_node/stack_light_node.egg-info/requires.txt
writing top-level names to ../../build/stack_light_node/stack_light_node.egg-info/top_level.txt
writing manifest file '../../build/stack_light_node/stack_light_node.egg-info/SOURCES.txt'
reading manifest file '../../build/stack_light_node/stack_light_node.egg-info/SOURCES.txt'
writing manifest file '../../build/stack_light_node/stack_light_node.egg-info/SOURCES.txt'
running build
running build_py
creating /home/vsaini/bin_picking_ws/build/stack_light_node/build/lib/stack_light_node
copying stack_light_node/__init__.py -> /home/vsaini/bin_picking_ws/build/stack_light_node/build/lib/stack_light_node
copying stack_light_node/stack_light_node.py -> /home/vsaini/bin_picking_ws/build/stack_light_node/build/lib/stack_light_node
running install
running install_lib
creating /home/vsaini/bin_picking_ws/install/stack_light_node/lib/python3.10/site-packages/stack_light_node
copying /home/vsaini/bin_picking_ws/build/stack_light_node/build/lib/stack_light_node/__init__.py -> /home/vsaini/bin_picking_ws/install/stack_light_node/lib/python3.10/site-packages/stack_light_node
copying /home/vsaini/bin_picking_ws/build/stack_light_node/build/lib/stack_light_node/stack_light_node.py -> /home/vsaini/bin_picking_ws/install/stack_light_node/lib/python3.10/site-packages/stack_light_node
byte-compiling /home/vsaini/bin_picking_ws/install/stack_light_node/lib/python3.10/site-packages/stack_light_node/__init__.py to __init__.cpython-310.pyc
byte-compiling /home/vsaini/bin_picking_ws/install/stack_light_node/lib/python3.10/site-packages/stack_light_node/stack_light_node.py to stack_light_node.cpython-310.pyc
running install_data
copying package.xml -> /home/vsaini/bin_picking_ws/install/stack_light_node/share/stack_light_node
creating /home/vsaini/bin_picking_ws/install/stack_light_node/share/stack_light_node/resource
copying resource/stack_light_node -> /home/vsaini/bin_picking_ws/install/stack_light_node/share/stack_light_node/resource
running install_egg_info
Copying ../../build/stack_light_node/stack_light_node.egg-info to /home/vsaini/bin_picking_ws/install/stack_light_node/lib/python3.10/site-packages/stack_light_node-0.0.0-py3.10.egg-info
running install_scripts
Installing stack_light_node script to /home/vsaini/bin_picking_ws/install/stack_light_node/lib/stack_light_node
writing list of installed files to '/home/vsaini/bin_picking_ws/build/stack_light_node/install.log'
