[1.123s] Invoking command in '/home/vsaini/bin_picking_ws/src/stack_light_node': PYTHONPATH=/home/vsaini/bin_picking_ws/build/stack_light_node/prefix_override:/usr/lib/python3/dist-packages/colcon_core/task/python/colcon_distutils_commands:/home/vsaini/bin_picking_ws/install/stack_light_node/lib/python3.10/site-packages:${PYTHONPATH} /usr/bin/python3 -W ignore:setup.py install is deprecated -W ignore:easy_install command is deprecated setup.py egg_info --egg-base ../../build/stack_light_node build --build-base /home/vsaini/bin_picking_ws/build/stack_light_node/build install --record /home/vsaini/bin_picking_ws/build/stack_light_node/install.log --single-version-externally-managed install_data
[1.275s] running egg_info
[1.284s] creating ../../build/stack_light_node/stack_light_node.egg-info
[1.284s] writing ../../build/stack_light_node/stack_light_node.egg-info/PKG-INFO
[1.284s] writing dependency_links to ../../build/stack_light_node/stack_light_node.egg-info/dependency_links.txt
[1.284s] writing entry points to ../../build/stack_light_node/stack_light_node.egg-info/entry_points.txt
[1.284s] writing requirements to ../../build/stack_light_node/stack_light_node.egg-info/requires.txt
[1.285s] writing top-level names to ../../build/stack_light_node/stack_light_node.egg-info/top_level.txt
[1.339s] writing manifest file '../../build/stack_light_node/stack_light_node.egg-info/SOURCES.txt'
[1.357s] reading manifest file '../../build/stack_light_node/stack_light_node.egg-info/SOURCES.txt'
[1.357s] writing manifest file '../../build/stack_light_node/stack_light_node.egg-info/SOURCES.txt'
[1.357s] running build
[1.358s] running build_py
[1.358s] creating /home/vsaini/bin_picking_ws/build/stack_light_node/build/lib/stack_light_node
[1.358s] copying stack_light_node/__init__.py -> /home/vsaini/bin_picking_ws/build/stack_light_node/build/lib/stack_light_node
[1.358s] copying stack_light_node/stack_light_node.py -> /home/vsaini/bin_picking_ws/build/stack_light_node/build/lib/stack_light_node
[1.358s] running install
[1.361s] running install_lib
[1.369s] creating /home/vsaini/bin_picking_ws/install/stack_light_node/lib/python3.10/site-packages/stack_light_node
[1.370s] copying /home/vsaini/bin_picking_ws/build/stack_light_node/build/lib/stack_light_node/__init__.py -> /home/vsaini/bin_picking_ws/install/stack_light_node/lib/python3.10/site-packages/stack_light_node
[1.370s] copying /home/vsaini/bin_picking_ws/build/stack_light_node/build/lib/stack_light_node/stack_light_node.py -> /home/vsaini/bin_picking_ws/install/stack_light_node/lib/python3.10/site-packages/stack_light_node
[1.370s] byte-compiling /home/vsaini/bin_picking_ws/install/stack_light_node/lib/python3.10/site-packages/stack_light_node/__init__.py to __init__.cpython-310.pyc
[1.370s] byte-compiling /home/vsaini/bin_picking_ws/install/stack_light_node/lib/python3.10/site-packages/stack_light_node/stack_light_node.py to stack_light_node.cpython-310.pyc
[1.370s] running install_data
[1.370s] copying package.xml -> /home/vsaini/bin_picking_ws/install/stack_light_node/share/stack_light_node
[1.371s] creating /home/vsaini/bin_picking_ws/install/stack_light_node/share/stack_light_node/resource
[1.371s] copying resource/stack_light_node -> /home/vsaini/bin_picking_ws/install/stack_light_node/share/stack_light_node/resource
[1.371s] running install_egg_info
[1.380s] Copying ../../build/stack_light_node/stack_light_node.egg-info to /home/vsaini/bin_picking_ws/install/stack_light_node/lib/python3.10/site-packages/stack_light_node-0.0.0-py3.10.egg-info
[1.380s] running install_scripts
[1.404s] Installing stack_light_node script to /home/vsaini/bin_picking_ws/install/stack_light_node/lib/stack_light_node
[1.404s] writing list of installed files to '/home/vsaini/bin_picking_ws/build/stack_light_node/install.log'
[1.426s] Invoked command in '/home/vsaini/bin_picking_ws/src/stack_light_node' returned '0': PYTHONPATH=/home/vsaini/bin_picking_ws/build/stack_light_node/prefix_override:/usr/lib/python3/dist-packages/colcon_core/task/python/colcon_distutils_commands:/home/vsaini/bin_picking_ws/install/stack_light_node/lib/python3.10/site-packages:${PYTHONPATH} /usr/bin/python3 -W ignore:setup.py install is deprecated -W ignore:easy_install command is deprecated setup.py egg_info --egg-base ../../build/stack_light_node build --build-base /home/vsaini/bin_picking_ws/build/stack_light_node/build install --record /home/vsaini/bin_picking_ws/build/stack_light_node/install.log --single-version-externally-managed install_data
