[1.123s] Invoking command in '/home/vsaini/bin_picking_ws/src/emergency_node': PYTHONPATH=/home/vsaini/bin_picking_ws/build/emergency_node/prefix_override:/usr/lib/python3/dist-packages/colcon_core/task/python/colcon_distutils_commands:/home/vsaini/bin_picking_ws/install/emergency_node/lib/python3.10/site-packages:${PYTHONPATH} /usr/bin/python3 -W ignore:setup.py install is deprecated -W ignore:easy_install command is deprecated setup.py egg_info --egg-base ../../build/emergency_node build --build-base /home/vsaini/bin_picking_ws/build/emergency_node/build install --record /home/vsaini/bin_picking_ws/build/emergency_node/install.log --single-version-externally-managed install_data
[1.275s] running egg_info
[1.283s] creating ../../build/emergency_node/emergency_node.egg-info
[1.283s] writing ../../build/emergency_node/emergency_node.egg-info/PKG-INFO
[1.284s] writing dependency_links to ../../build/emergency_node/emergency_node.egg-info/dependency_links.txt
[1.284s] writing entry points to ../../build/emergency_node/emergency_node.egg-info/entry_points.txt
[1.284s] writing requirements to ../../build/emergency_node/emergency_node.egg-info/requires.txt
[1.284s] writing top-level names to ../../build/emergency_node/emergency_node.egg-info/top_level.txt
[1.339s] writing manifest file '../../build/emergency_node/emergency_node.egg-info/SOURCES.txt'
[1.357s] reading manifest file '../../build/emergency_node/emergency_node.egg-info/SOURCES.txt'
[1.357s] writing manifest file '../../build/emergency_node/emergency_node.egg-info/SOURCES.txt'
[1.357s] running build
[1.358s] running build_py
[1.358s] creating /home/vsaini/bin_picking_ws/build/emergency_node/build/lib/emergency_node
[1.358s] copying emergency_node/emergency_node.py -> /home/vsaini/bin_picking_ws/build/emergency_node/build/lib/emergency_node
[1.358s] copying emergency_node/__init__.py -> /home/vsaini/bin_picking_ws/build/emergency_node/build/lib/emergency_node
[1.358s] running install
[1.361s] running install_lib
[1.370s] creating /home/vsaini/bin_picking_ws/install/emergency_node/lib/python3.10/site-packages/emergency_node
[1.370s] copying /home/vsaini/bin_picking_ws/build/emergency_node/build/lib/emergency_node/emergency_node.py -> /home/vsaini/bin_picking_ws/install/emergency_node/lib/python3.10/site-packages/emergency_node
[1.370s] copying /home/vsaini/bin_picking_ws/build/emergency_node/build/lib/emergency_node/__init__.py -> /home/vsaini/bin_picking_ws/install/emergency_node/lib/python3.10/site-packages/emergency_node
[1.371s] byte-compiling /home/vsaini/bin_picking_ws/install/emergency_node/lib/python3.10/site-packages/emergency_node/emergency_node.py to emergency_node.cpython-310.pyc
[1.371s] byte-compiling /home/vsaini/bin_picking_ws/install/emergency_node/lib/python3.10/site-packages/emergency_node/__init__.py to __init__.cpython-310.pyc
[1.371s] running install_data
[1.371s] copying package.xml -> /home/vsaini/bin_picking_ws/install/emergency_node/share/emergency_node
[1.371s] creating /home/vsaini/bin_picking_ws/install/emergency_node/share/emergency_node/resource
[1.371s] copying resource/emergency_node -> /home/vsaini/bin_picking_ws/install/emergency_node/share/emergency_node/resource
[1.371s] running install_egg_info
[1.380s] Copying ../../build/emergency_node/emergency_node.egg-info to /home/vsaini/bin_picking_ws/install/emergency_node/lib/python3.10/site-packages/emergency_node-0.0.0-py3.10.egg-info
[1.381s] running install_scripts
[1.404s] Installing emergency_node script to /home/vsaini/bin_picking_ws/install/emergency_node/lib/emergency_node
[1.404s] writing list of installed files to '/home/vsaini/bin_picking_ws/build/emergency_node/install.log'
[1.429s] Invoked command in '/home/vsaini/bin_picking_ws/src/emergency_node' returned '0': PYTHONPATH=/home/vsaini/bin_picking_ws/build/emergency_node/prefix_override:/usr/lib/python3/dist-packages/colcon_core/task/python/colcon_distutils_commands:/home/vsaini/bin_picking_ws/install/emergency_node/lib/python3.10/site-packages:${PYTHONPATH} /usr/bin/python3 -W ignore:setup.py install is deprecated -W ignore:easy_install command is deprecated setup.py egg_info --egg-base ../../build/emergency_node build --build-base /home/vsaini/bin_picking_ws/build/emergency_node/build install --record /home/vsaini/bin_picking_ws/build/emergency_node/install.log --single-version-externally-managed install_data
