running egg_info
creating ../../build/cell_controller_node/cell_controller_node.egg-info
writing ../../build/cell_controller_node/cell_controller_node.egg-info/PKG-INFO
writing dependency_links to ../../build/cell_controller_node/cell_controller_node.egg-info/dependency_links.txt
writing entry points to ../../build/cell_controller_node/cell_controller_node.egg-info/entry_points.txt
writing requirements to ../../build/cell_controller_node/cell_controller_node.egg-info/requires.txt
writing top-level names to ../../build/cell_controller_node/cell_controller_node.egg-info/top_level.txt
writing manifest file '../../build/cell_controller_node/cell_controller_node.egg-info/SOURCES.txt'
reading manifest file '../../build/cell_controller_node/cell_controller_node.egg-info/SOURCES.txt'
writing manifest file '../../build/cell_controller_node/cell_controller_node.egg-info/SOURCES.txt'
running build
running build_py
creating /home/vsaini/bin_picking_ws/build/cell_controller_node/build/lib/cell_controller_node
copying cell_controller_node/__init__.py -> /home/vsaini/bin_picking_ws/build/cell_controller_node/build/lib/cell_controller_node
running install
running install_lib
creating /home/vsaini/bin_picking_ws/install/cell_controller_node/lib/python3.10/site-packages/cell_controller_node
copying /home/vsaini/bin_picking_ws/build/cell_controller_node/build/lib/cell_controller_node/__init__.py -> /home/vsaini/bin_picking_ws/install/cell_controller_node/lib/python3.10/site-packages/cell_controller_node
byte-compiling /home/vsaini/bin_picking_ws/install/cell_controller_node/lib/python3.10/site-packages/cell_controller_node/__init__.py to __init__.cpython-310.pyc
running install_data
copying package.xml -> /home/vsaini/bin_picking_ws/install/cell_controller_node/share/cell_controller_node
creating /home/vsaini/bin_picking_ws/install/cell_controller_node/share/cell_controller_node/resource
copying resource/cell_controller_node -> /home/vsaini/bin_picking_ws/install/cell_controller_node/share/cell_controller_node/resource
running install_egg_info
Copying ../../build/cell_controller_node/cell_controller_node.egg-info to /home/vsaini/bin_picking_ws/install/cell_controller_node/lib/python3.10/site-packages/cell_controller_node-0.0.0-py3.10.egg-info
running install_scripts
Installing cell_controller_node script to /home/vsaini/bin_picking_ws/install/cell_controller_node/lib/cell_controller_node
writing list of installed files to '/home/vsaini/bin_picking_ws/build/cell_controller_node/install.log'
